<?xml version="1.0" encoding="UTF-8" ?>
<testsuite tests="2" failures="2" name="tests.GmailLoginTest" time="91.369" errors="0" skipped="0">
  <properties>
[...]
</properties>
  <testcase classname="tests.GmailLoginTest" name="CheckingLetter" time="54.741">
    <failure message="User name from page  is different from model testmail8601@gmail.com" type="java.lang.AssertionError">java.lang.AssertionError: User name from page  is different from model testmail8601@gmail.com
	at steps.LetterSteps.login(LetterSteps.java:26)
	at tests.GmailLoginTest.CheckingLetter(GmailLoginTest.java:52)
</failure>
    <system-out>java.lang.AssertionError: User name from page  is different from model testmail8601@gmail.com
</system-out>
    <system-err>[main] INFO net.thucydides.core.util.PropertiesFileLocalPreferences - LOADING LOCAL PROPERTIES FROM C:\Users\Nazar\workspace\CelesioEMTA\serenity.properties 
[main] INFO net.thucydides.core.util.PropertiesFileLocalPreferences - serenity.reports.url=http://vm208736:8080/job/EMTA_Automation_Tests
[main] INFO net.thucydides.core.util.PropertiesFileLocalPreferences - jira.password=Osmoloda2931517
[main] INFO net.thucydides.core.util.PropertiesFileLocalPreferences - serenity.take.screenshots=AFTER_EACH_STEP
[main] INFO net.thucydides.core.util.PropertiesFileLocalPreferences - jira.url=https://jira.softserveinc.com
[main] INFO net.thucydides.core.util.PropertiesFileLocalPreferences - jira.username=rtret
[main] INFO net.thucydides.core.util.PropertiesFileLocalPreferences - LOADING LOCAL PROPERTIES FROM C:\Users\Nazar\workspace\CelesioEMTA\serenity.properties 
[main] INFO net.serenitybdd.core.Serenity - 

-------------------------------------------------------------------------------------
     _______. _______ .______       _______ .__   __.  __  .___________.____    ____ 
    /       ||   ____||   _  \     |   ____||  \ |  | |  | |           |\   \  /   / 
   |   (----`|  |__   |  |_)  |    |  |__   |   \|  | |  | `---|  |----` \   \/   /  
    \   \    |   __|  |      /     |   __|  |  . `  | |  |     |  |       \_    _/   
.----)   |   |  |____ |  |\  \----.|  |____ |  |\   | |  |     |  |         |  |     
|_______/    |_______|| _| `._____||_______||__| \__| |__|     |__|         |__|    
-------------------------------------------------------------------------------------

[main] INFO net.thucydides.core.util.PropertiesFileLocalPreferences - LOADING LOCAL PROPERTIES FROM C:\Users\Nazar\workspace\CelesioEMTA\serenity.properties 
[main] INFO net.thucydides.core.util.PropertiesFileLocalPreferences - LOADING LOCAL PROPERTIES FROM C:\Users\Nazar\workspace\CelesioEMTA\serenity.properties 
[main] INFO net.thucydides.core.util.PropertiesFileLocalPreferences - LOADING LOCAL PROPERTIES FROM C:\Users\Nazar\workspace\CelesioEMTA\serenity.properties 
[main] INFO net.thucydides.core.util.PropertiesFileLocalPreferences - serenity.reports.url=http://vm208736:8080/job/EMTA_Automation_Tests
[main] INFO net.thucydides.core.util.PropertiesFileLocalPreferences - jira.password=Osmoloda2931517
[main] INFO net.thucydides.core.util.PropertiesFileLocalPreferences - serenity.take.screenshots=AFTER_EACH_STEP
[main] INFO net.thucydides.core.util.PropertiesFileLocalPreferences - jira.url=https://jira.softserveinc.com
[main] INFO net.thucydides.core.util.PropertiesFileLocalPreferences - jira.username=rtret
[main] INFO net.thucydides.core.util.PropertiesFileLocalPreferences - LOADING LOCAL PROPERTIES FROM C:\Users\Nazar\workspace\CelesioEMTA\serenity.properties 
[main] INFO net.thucydides.core.util.PropertiesFileLocalPreferences - LOADING LOCAL PROPERTIES FROM C:\Users\Nazar\workspace\CelesioEMTA\serenity.properties 
[main] INFO net.thucydides.core.util.PropertiesFileLocalPreferences - LOADING LOCAL PROPERTIES FROM C:\Users\Nazar\workspace\CelesioEMTA\serenity.properties 
[main] INFO net.thucydides.core.steps.StepEventBus - Registering custom listener net.serenitybdd.plugins.jira.JiraListener@7103cb56
[main] INFO net.serenitybdd.core.Serenity - Test Suite Started: Gmail login test
[main] INFO net.serenitybdd.core.Serenity - 
  _____ _____ ____ _____   ____ _____  _    ____ _____ _____ ____  
 |_   _| ____/ ___|_   _| / ___|_   _|/ \  |  _ \_   _| ____|  _ \ 
   | | |  _| \___ \ | |   \___ \ | | / _ \ | |_) || | |  _| | | | |
   | | | |___ ___) || |    ___) || |/ ___ \|  _ &lt; | | | |___| |_| |
   |_| |_____|____/ |_|   |____/ |_/_/   \_\_| \_\|_| |_____|____/ 
                                                                   

TEST STARTED: CheckingLetter
--------------------------------------------------------------------
[main] INFO net.serenitybdd.core.Serenity - TEST NUMBER: 1
[main] INFO net.thucydides.core.steps.StepInterceptor - STARTING STEP: GmailLoginTest.myTest - openGmail
[main] INFO net.thucydides.core.steps.StepInterceptor - STEP DONE: openGmail
[main] INFO net.thucydides.core.steps.StepInterceptor - STARTING STEP: GmailLoginTest.CheckingLetter - login
[main] INFO steps.LetterSteps - Test Logger
[main] INFO net.thucydides.core.steps.StepInterceptor - STEP FAILED: login - User name from page  is different from model testmail8601@gmail.com
[main] INFO net.thucydides.core.steps.StepInterceptor - SKIPPED STEP: openLetter
[main] INFO net.thucydides.core.steps.StepInterceptor - SKIPPED STEP: checkLetterContent
[main] INFO net.serenitybdd.core.Serenity - 
           __  _____ _____ ____ _____   _____ _    ___ _     _____ ____  
  _       / / |_   _| ____/ ___|_   _| |  ___/ \  |_ _| |   | ____|  _ \ 
 (_)_____| |    | | |  _| \___ \ | |   | |_ / _ \  | || |   |  _| | | | |
  _|_____| |    | | | |___ ___) || |   |  _/ ___ \ | || |___| |___| |_| |
 (_)     | |    |_| |_____|____/ |_|   |_|/_/   \_\___|_____|_____|____/ 
          \_\                                                            

TEST FAILED: CheckingLetter
--------------------------------------------------------------------------
[main] INFO net.serenitybdd.core.Serenity - RELATED ISSUES: CEMTA-35
[main] INFO net.serenitybdd.core.Serenity - 
  _____ _    ___ _     _   _ ____  _____ 
 |  ___/ \  |_ _| |   | | | |  _ \| ____|
 | |_ / _ \  | || |   | | | | |_) |  _|  
 |  _/ ___ \ | || |___| |_| |  _ &lt;| |___ 
 |_|/_/   \_\___|_____|\___/|_| \_\_____|
                                         

User name from page  is different from model testmail8601@gmail.com
</system-err>
  </testcase>
  <testcase classname="tests.GmailLoginTest" name="LoginTest" time="36.628">
    <failure message="User name from page  is different from model testmail8601@gmail.com" type="java.lang.AssertionError">java.lang.AssertionError: User name from page  is different from model testmail8601@gmail.com
	at steps.LetterSteps.login(LetterSteps.java:26)
	at tests.GmailLoginTest.LoginTest(GmailLoginTest.java:46)
</failure>
    <system-out>java.lang.AssertionError: User name from page  is different from model testmail8601@gmail.com
</system-out>
    <system-err>[main] INFO net.serenitybdd.core.Serenity - Test Suite Started: Gmail login test
[main] INFO net.serenitybdd.core.Serenity - 
  _____ _____ ____ _____   ____ _____  _    ____ _____ _____ ____  
 |_   _| ____/ ___|_   _| / ___|_   _|/ \  |  _ \_   _| ____|  _ \ 
   | | |  _| \___ \ | |   \___ \ | | / _ \ | |_) || | |  _| | | | |
   | | | |___ ___) || |    ___) || |/ ___ \|  _ &lt; | | | |___| |_| |
   |_| |_____|____/ |_|   |____/ |_/_/   \_\_| \_\|_| |_____|____/ 
                                                                   

TEST STARTED: LoginTest
--------------------------------------------------------------------
[main] INFO net.serenitybdd.core.Serenity - TEST NUMBER: 2
[main] INFO net.thucydides.core.steps.StepInterceptor - STARTING STEP: GmailLoginTest.myTest - openGmail
[main] INFO net.thucydides.core.steps.StepInterceptor - STEP DONE: openGmail
[main] INFO net.thucydides.core.steps.StepInterceptor - STARTING STEP: GmailLoginTest.LoginTest - login
[main] INFO steps.LetterSteps - Test Logger
[main] INFO net.thucydides.core.steps.StepInterceptor - STEP FAILED: login - User name from page  is different from model testmail8601@gmail.com
[main] INFO net.serenitybdd.core.Serenity - 
           __  _____ _____ ____ _____   _____ _    ___ _     _____ ____  
  _       / / |_   _| ____/ ___|_   _| |  ___/ \  |_ _| |   | ____|  _ \ 
 (_)_____| |    | | |  _| \___ \ | |   | |_ / _ \  | || |   |  _| | | | |
  _|_____| |    | | | |___ ___) || |   |  _/ ___ \ | || |___| |___| |_| |
 (_)     | |    |_| |_____|____/ |_|   |_|/_/   \_\___|_____|_____|____/ 
          \_\                                                            

TEST FAILED: Login to Gmail
--------------------------------------------------------------------------
[main] INFO net.serenitybdd.core.Serenity - RELATED ISSUES: CEMTA-35
[main] INFO net.serenitybdd.core.Serenity - 
  _____ _    ___ _     _   _ ____  _____ 
 |  ___/ \  |_ _| |   | | | |  _ \| ____|
 | |_ / _ \  | || |   | | | | |_) |  _|  
 |  _/ ___ \ | || |___| |_| |  _ &lt;| |___ 
 |_|/_/   \_\___|_____|\___/|_| \_\_____|
                                         

User name from page  is different from model testmail8601@gmail.com
</system-err>
  </testcase>
</testsuite>